<?xml version="1.0" encoding="UTF-8"?>
<testsuite name="HibernateUtilTests.HibernateItemsUtilTest" tests="3" skipped="0" failures="0" errors="0" timestamp="2021-01-22T08:50:24" hostname="DESKTOP-8QUU4FI" time="0.121">
  <properties/>
  <testcase name="testCreate()" classname="HibernateUtilTests.HibernateItemsUtilTest" time="0.06"/>
  <testcase name="GetTest()" classname="HibernateUtilTests.HibernateItemsUtilTest" time="0.003"/>
  <testcase name="testUpdate()" classname="HibernateUtilTests.HibernateItemsUtilTest" time="0.057"/>
  <system-out><![CDATA[Running testCreate...
Running testGet...
Running testUpdate...
]]></system-out>
  <system-err><![CDATA[]]></system-err>
</testsuite>
