<?xml version="1.0" encoding="UTF-8"?>
<testsuite name="HibernateUtilTests.HibernateEmployeesUtilTest" tests="3" skipped="0" failures="0" errors="0" timestamp="2021-01-22T08:50:23" hostname="DESKTOP-8QUU4FI" time="0.105">
  <properties/>
  <testcase name="testCreate()" classname="HibernateUtilTests.HibernateEmployeesUtilTest" time="0.047"/>
  <testcase name="GetTest()" classname="HibernateUtilTests.HibernateEmployeesUtilTest" time="0.003"/>
  <testcase name="testUpdate()" classname="HibernateUtilTests.HibernateEmployeesUtilTest" time="0.054"/>
  <system-out><![CDATA[Running testCreate...
Running testGet...
Running testUpdate...
]]></system-out>
  <system-err><![CDATA[]]></system-err>
</testsuite>
