<?xml version="1.0" encoding="UTF-8"?>
<testsuite name="Models.ItemsTest" tests="3" skipped="0" failures="0" errors="0" timestamp="2021-01-22T08:50:26" hostname="DESKTOP-8QUU4FI" time="0.002">
  <properties/>
  <testcase name="setEmployeeIdTest()" classname="Models.ItemsTest" time="0.0"/>
  <testcase name="setItemNameTest()" classname="Models.ItemsTest" time="0.0"/>
  <testcase name="setItemPriceTest()" classname="Models.ItemsTest" time="0.0"/>
  <system-out><![CDATA[]]></system-out>
  <system-err><![CDATA[]]></system-err>
</testsuite>
